<?xml version="1.0" encoding="UTF-8"?><testsuite errors="4" failures="0" name="in.co.gorest.gorestinfo.UserCRUDTest" skipped="0" tests="10" time="31.4" timestamp="2022-06-07T18:44:03.708+01:00[Europe/London]"><testcase classname="in.co.gorest.gorestinfo.UserCRUDTest" name="This will create a new User"/><testcase classname="in.co.gorest.gorestinfo.UserCRUDTest" name="This will Fetch user by ID"/><testcase classname="in.co.gorest.gorestinfo.UserCRUDTest" name="This will Fetch user by ID"/><testcase classname="in.co.gorest.gorestinfo.UserCRUDTest" name="This will Delete user by ID"/><testcase classname="in.co.gorest.gorestinfo.UserCRUDTest" name="1. This will Verify if Total record is 20"/><testcase classname="in.co.gorest.gorestinfo.UserCRUDTest" name="2.id 3838 has name =Chaturbhuj Nehru DVM"><error message="Index: 0, Size: 0" type="java.lang.IndexOutOfBoundsException">Index: 0, Size: 0</error><system-err>Index: 0, Size: 0&#13;
in.co.gorest.gorestinfo.UserCRUDTest.test006(UserCRUDTest.java:82)&#13;
</system-err></testcase><testcase classname="in.co.gorest.gorestinfo.UserCRUDTest" name="3. id 3838 has email =dvm_chaturbhuj_nehru@pagac.name"><error message="Index: 0, Size: 0" type="java.lang.IndexOutOfBoundsException">Index: 0, Size: 0</error><system-err>Index: 0, Size: 0&#13;
in.co.gorest.gorestinfo.UserCRUDTest.test007(UserCRUDTest.java:90)&#13;
</system-err></testcase><testcase classname="in.co.gorest.gorestinfo.UserCRUDTest" name="4.All ID has status =active"/><testcase classname="in.co.gorest.gorestinfo.UserCRUDTest" name="5.id 3829 has gender =female"><error message="Index: 0, Size: 0" type="java.lang.IndexOutOfBoundsException">Index: 0, Size: 0</error><system-err>Index: 0, Size: 0&#13;
in.co.gorest.gorestinfo.UserCRUDTest.test009(UserCRUDTest.java:110)&#13;
</system-err></testcase><testcase classname="in.co.gorest.gorestinfo.UserCRUDTest" name="6.id 3819 has gender =male"><error message="Index: 0, Size: 0" type="java.lang.IndexOutOfBoundsException">Index: 0, Size: 0</error><system-err>Index: 0, Size: 0&#13;
in.co.gorest.gorestinfo.UserCRUDTest.test010(UserCRUDTest.java:118)&#13;
</system-err></testcase></testsuite>